<?xml version="1.0" encoding="UTF-8"?>
<!-- Generated by org.testng.reporters.JUnitXMLReporter -->
<testsuite ignored="0" hostname="DESKTOP-BDCU2EV" failures="1" tests="2" name="Batch-Listeners" time="7.235" errors="0" timestamp="2022-08-18T10:31:42 IST">
  <testcase classname="Day_034_TestNG_Listeners.TestCases" name="Test1" time="7.149"/>
  <testcase classname="Day_034_TestNG_Listeners.TestCases" name="Test2" time="0.007">
    <failure type="java.lang.AssertionError" message="expected [true] but found [false]">
      <![CDATA[java.lang.AssertionError: expected [true] but found [false]
at Day_034_TestNG_Listeners.TestCases.Test2(TestCases.java:38)
at java.base/java.util.ArrayList.forEach(ArrayList.java:1540)
... Removed 31 stack frames]]>
    </failure>
  </testcase> <!-- Test2 -->
</testsuite> <!-- Batch-Listeners -->
