<?xml version="1.0" encoding="UTF-8"?>
<!-- Generated by org.testng.reporters.JUnitXMLReporter -->
<testsuite ignored="0" hostname="DESKTOP-BDCU2EV" failures="3" tests="4" name="CallMethods" time="2.201" errors="0" timestamp="2022-07-22T11:39:03 IST">
  <testcase classname="Day_012_TestNG_Paraneters.AddJobs" name="AddJobs" time="0.0">
    <failure type="org.testng.TestNGException" message="
Parameter &amp;apos;AddJobs&amp;apos; is required by @Test on method AddJobs but has not been marked @Optional or defined
in D:\OrangeHRM11\src\test\java\Day_012_TestNG_Paraneters\testng.xml">
      <![CDATA[org.testng.TestNGException: 
Parameter 'AddJobs' is required by @Test on method AddJobs but has not been marked @Optional or defined
in D:\OrangeHRM11\src\test\java\Day_012_TestNG_Paraneters\testng.xml
at java.base/java.util.ArrayList.forEach(ArrayList.java:1540)
... Removed 26 stack frames]]>
    </failure>
  </testcase> <!-- AddJobs -->
  <testcase classname="Day_012_TestNG_Paraneters.AddJobs" name="CallMethods" time="2.11"/>
  <testcase classname="Day_012_TestNG_Paraneters.AddJobs" name="Login" time="0.0">
    <failure type="org.testng.TestNGException" message="
Parameter &amp;apos;UserName&amp;apos; is required by @Test on method Login but has not been marked @Optional or defined
in D:\OrangeHRM11\src\test\java\Day_012_TestNG_Paraneters\testng.xml">
      <![CDATA[org.testng.TestNGException: 
Parameter 'UserName' is required by @Test on method Login but has not been marked @Optional or defined
in D:\OrangeHRM11\src\test\java\Day_012_TestNG_Paraneters\testng.xml
at java.base/java.util.ArrayList.forEach(ArrayList.java:1540)
... Removed 26 stack frames]]>
    </failure>
  </testcase> <!-- Login -->
  <testcase classname="Day_012_TestNG_Paraneters.AddJobs" name="OpenOrangeHRM" time="0.0">
    <failure type="org.testng.TestNGException" message="
Parameter &amp;apos;TESTURL&amp;apos; is required by @Test on method OpenOrangeHRM but has not been marked @Optional or defined
in D:\OrangeHRM11\src\test\java\Day_012_TestNG_Paraneters\testng.xml">
      <![CDATA[org.testng.TestNGException: 
Parameter 'TESTURL' is required by @Test on method OpenOrangeHRM but has not been marked @Optional or defined
in D:\OrangeHRM11\src\test\java\Day_012_TestNG_Paraneters\testng.xml
at java.base/java.util.ArrayList.forEach(ArrayList.java:1540)
... Removed 26 stack frames]]>
    </failure>
  </testcase> <!-- OpenOrangeHRM -->
</testsuite> <!-- CallMethods -->
