<?xml version="1.0" encoding="UTF-8"?>
<!-- Generated by org.testng.reporters.JUnitXMLReporter -->
<testsuite ignored="0" hostname="DESKTOP-BDCU2EV" failures="3" tests="3" name="Login" time="0.043" errors="0" timestamp="2022-07-22T11:44:12 IST">
  <testcase classname="Day_012_TestNG_Paraneters.AddJobs" name="AddJobs" time="0.0">
    <failure type="org.testng.TestNGException" message="
Parameter &amp;apos;AddJobs&amp;apos; is required by @Test on method AddJobs but has not been marked @Optional or defined
in D:\OrangeHRM11\src\test\java\Day_012_TestNG_Paraneters\testng.xml">
      <![CDATA[org.testng.TestNGException: 
Parameter 'AddJobs' is required by @Test on method AddJobs but has not been marked @Optional or defined
in D:\OrangeHRM11\src\test\java\Day_012_TestNG_Paraneters\testng.xml
at java.base/java.util.ArrayList.forEach(ArrayList.java:1540)
... Removed 26 stack frames]]>
    </failure>
  </testcase> <!-- AddJobs -->
  <testcase classname="Day_012_TestNG_Paraneters.AddJobs" name="Login" time="0.011">
    <failure type="java.lang.NullPointerException">
      <![CDATA[java.lang.NullPointerException
at Day_012_TestNG_Paraneters.AddJobs.findElement(AddJobs.java:57)
at Day_012_TestNG_Paraneters.AddJobs.Login(AddJobs.java:32)
at java.base/java.util.ArrayList.forEach(ArrayList.java:1540)
... Removed 27 stack frames]]>
    </failure>
  </testcase> <!-- Login -->
  <testcase classname="Day_012_TestNG_Paraneters.AddJobs" name="OpenOrangeHRM" time="0.0">
    <failure type="org.testng.TestNGException" message="
Parameter &amp;apos;TESTURL&amp;apos; is required by @Test on method OpenOrangeHRM but has not been marked @Optional or defined
in D:\OrangeHRM11\src\test\java\Day_012_TestNG_Paraneters\testng.xml">
      <![CDATA[org.testng.TestNGException: 
Parameter 'TESTURL' is required by @Test on method OpenOrangeHRM but has not been marked @Optional or defined
in D:\OrangeHRM11\src\test\java\Day_012_TestNG_Paraneters\testng.xml
at java.base/java.util.ArrayList.forEach(ArrayList.java:1540)
... Removed 26 stack frames]]>
    </failure>
  </testcase> <!-- OpenOrangeHRM -->
</testsuite> <!-- Login -->
