<?xml version="1.0" encoding="UTF-8"?>
<!-- Generated by org.testng.reporters.JUnitXMLReporter -->
<testsuite ignored="4" hostname="DESKTOP-C185PLQ" failures="0" tests="4" name="Test" time="0.218" errors="0" timestamp="2023-07-06T06:27:13 IST">
  <testcase classname="A_Groups.NewTest1" name="Test7" time="0.02"/>
  <testcase classname="A_Groups.NewTest1" name="Test8" time="0.009"/>
  <testcase classname="A_Groups.NewTest2" name="Test1" time="0.003"/>
  <testcase classname="A_Groups.NewTest2" name="Test2" time="0.003"/>
  <testcase classname="A_Groups.NewTest2" name="Test4" time="0.0">
    <ignored/>
  </testcase> <!-- Test4 -->
  <testcase classname="A_Groups.NewTest2" name="Test3" time="0.0">
    <ignored/>
  </testcase> <!-- Test3 -->
  <testcase classname="A_Groups.NewTest1" name="Test6" time="0.0">
    <ignored/>
  </testcase> <!-- Test6 -->
  <testcase classname="A_Groups.NewTest1" name="Test5" time="0.0">
    <ignored/>
  </testcase> <!-- Test5 -->
</testsuite> <!-- Test -->
