<?xml version="1.0" encoding="UTF-8"?>
<testng-results ignored="0" total="1" passed="1" failed="0" skipped="0">
  <reporter-output>
  </reporter-output>
  <suite started-at="2023-07-21T20:09:36 IST" name="Default suite" finished-at="2023-07-21T20:09:52 IST" duration-ms="16111">
    <groups>
    </groups>
    <test started-at="2023-07-21T20:09:36 IST" name="Default test" finished-at="2023-07-21T20:09:52 IST" duration-ms="16111">
      <class name="Day_009_Extent_Reports.ExtentReport_Test">
        <test-method signature="Report3_Test()[pri:0, instance:Day_009_Extent_Reports.ExtentReport_Test@742ff096]" started-at="2023-07-21T20:09:36 IST" name="Report3_Test" finished-at="2023-07-21T20:09:52 IST" duration-ms="16027" status="PASS">
          <reporter-output>
          </reporter-output>
        </test-method> <!-- Report3_Test -->
      </class> <!-- Day_009_Extent_Reports.ExtentReport_Test -->
    </test> <!-- Default test -->
  </suite> <!-- Default suite -->
</testng-results>
