<?xml version="1.0" encoding="UTF-8"?>
<!-- Generated by org.testng.reporters.JUnitXMLReporter -->
<testsuite ignored="0" hostname="DESKTOP-BDCU2EV" failures="0" tests="3" name="Test" time="26.733" errors="0" timestamp="2023-02-17T10:52:56 IST">
  <testcase classname="A_javascriptexe.Open_new_Tab" name="samp" time="6.035"/>
  <testcase classname="A_javascriptexe.highlighting" name="samp" time="8.969"/>
  <testcase classname="A_javascriptexe.Scroll_operations" name="samp" time="11.724"/>
</testsuite> <!-- Test -->
